<?xml version="1.0" encoding="UTF-8"?>
<testng-results retried="1" ignored="1" total="8" passed="5" failed="1" skipped="0">
  <reporter-output>
  </reporter-output>
  <suite started-at="2025-02-04T19:04:28 PKT" name="All Test Suite" finished-at="2025-02-04T19:05:36 PKT" duration-ms="68254">
    <groups>
      <group name="ErrorHandling">
        <method signature="ErrorValidationsTest.ProductErrorValidation()[pri:0, instance:TestCases.ErrorValidationsTest@35d019a3]" name="ProductErrorValidation" class="TestCases.ErrorValidationsTest"/>
        <method signature="ErrorValidationsTest.loginErrorValidation()[pri:0, instance:TestCases.ErrorValidationsTest@35d019a3]" name="loginErrorValidation" class="TestCases.ErrorValidationsTest"/>
      </group> <!-- ErrorHandling -->
    </groups>
    <test started-at="2025-02-04T19:04:28 PKT" name="Error Validation Test" finished-at="2025-02-04T19:05:16 PKT" duration-ms="47487">
      <class name="TestCases.ErrorValidationsTest">
        <test-method is-config="true" signature="launchApplication()[pri:0, instance:TestCases.ErrorValidationsTest@35d019a3]" started-at="2025-02-04T19:04:28 PKT" name="launchApplication" finished-at="2025-02-04T19:04:46 PKT" duration-ms="17467" status="PASS">
          <reporter-output>
          </reporter-output>
        </test-method> <!-- launchApplication -->
        <test-method signature="ProductErrorValidation()[pri:0, instance:TestCases.ErrorValidationsTest@35d019a3]" started-at="2025-02-04T19:04:46 PKT" name="ProductErrorValidation" finished-at="2025-02-04T19:04:50 PKT" duration-ms="4446" status="PASS">
          <reporter-output>
          </reporter-output>
        </test-method> <!-- ProductErrorValidation -->
        <test-method is-config="true" signature="tearDown()[pri:0, instance:TestCases.ErrorValidationsTest@35d019a3]" started-at="2025-02-04T19:04:50 PKT" name="tearDown" finished-at="2025-02-04T19:04:50 PKT" duration-ms="132" status="PASS">
          <reporter-output>
          </reporter-output>
        </test-method> <!-- tearDown -->
        <test-method is-config="true" signature="launchApplication()[pri:0, instance:TestCases.ErrorValidationsTest@35d019a3]" started-at="2025-02-04T19:04:50 PKT" name="launchApplication" finished-at="2025-02-04T19:04:55 PKT" duration-ms="4475" status="PASS">
          <reporter-output>
          </reporter-output>
        </test-method> <!-- launchApplication -->
        <test-method retried="true" signature="loginErrorValidation()[pri:0, instance:TestCases.ErrorValidationsTest@35d019a3]" started-at="2025-02-04T19:04:55 PKT" name="loginErrorValidation" finished-at="2025-02-04T19:05:06 PKT" duration-ms="11258" status="SKIP">
          <exception class="org.openqa.selenium.NoSuchElementException">
            <message>
              <![CDATA[no such element: Unable to locate element: {"method":"css selector","selector":"[class*='toast-message']"}
  (Session info: chrome=132.0.6834.160)
For documentation on this error, please visit: https://www.selenium.dev/documentation/webdriver/troubleshooting/errors#no-such-element-exception
Build info: version: '4.26.0', revision: '8ccf0219d7'
System info: os.name: 'Windows 10', os.arch: 'amd64', os.version: '10.0', java.version: '21.0.4'
Driver info: org.openqa.selenium.chrome.ChromeDriver
Command: [6ebb4ec03f3cf2c7b489e42ea147876a, findElement {value=[class*='toast-message'], using=css selector}]
Capabilities {acceptInsecureCerts: false, browserName: chrome, browserVersion: 132.0.6834.160, chrome: {chromedriverVersion: 132.0.6834.159 (2d77d3fc445..., userDataDir: C:\Windows\SystemTemp\scope...}, fedcm:accounts: true, goog:chromeOptions: {debuggerAddress: localhost:62185}, networkConnectionEnabled: false, pageLoadStrategy: normal, platformName: windows, proxy: Proxy(), se:cdp: ws://localhost:62185/devtoo..., se:cdpVersion: 132.0.6834.160, setWindowRect: true, strictFileInteractability: false, timeouts: {implicit: 0, pageLoad: 300000, script: 30000}, unhandledPromptBehavior: dismiss and notify, webauthn:extension:credBlob: true, webauthn:extension:largeBlob: true, webauthn:extension:minPinLength: true, webauthn:extension:prf: true, webauthn:virtualAuthenticators: true}
Session ID: 6ebb4ec03f3cf2c7b489e42ea147876a]]>
            </message>
            <full-stacktrace>
              <![CDATA[org.openqa.selenium.NoSuchElementException: no such element: Unable to locate element: {"method":"css selector","selector":"[class*='toast-message']"}
  (Session info: chrome=132.0.6834.160)
For documentation on this error, please visit: https://www.selenium.dev/documentation/webdriver/troubleshooting/errors#no-such-element-exception
Build info: version: '4.26.0', revision: '8ccf0219d7'
System info: os.name: 'Windows 10', os.arch: 'amd64', os.version: '10.0', java.version: '21.0.4'
Driver info: org.openqa.selenium.chrome.ChromeDriver
Command: [6ebb4ec03f3cf2c7b489e42ea147876a, findElement {value=[class*='toast-message'], using=css selector}]
Capabilities {acceptInsecureCerts: false, browserName: chrome, browserVersion: 132.0.6834.160, chrome: {chromedriverVersion: 132.0.6834.159 (2d77d3fc445..., userDataDir: C:\Windows\SystemTemp\scope...}, fedcm:accounts: true, goog:chromeOptions: {debuggerAddress: localhost:62185}, networkConnectionEnabled: false, pageLoadStrategy: normal, platformName: windows, proxy: Proxy(), se:cdp: ws://localhost:62185/devtoo..., se:cdpVersion: 132.0.6834.160, setWindowRect: true, strictFileInteractability: false, timeouts: {implicit: 0, pageLoad: 300000, script: 30000}, unhandledPromptBehavior: dismiss and notify, webauthn:extension:credBlob: true, webauthn:extension:largeBlob: true, webauthn:extension:minPinLength: true, webauthn:extension:prf: true, webauthn:virtualAuthenticators: true}
Session ID: 6ebb4ec03f3cf2c7b489e42ea147876a
at java.base/jdk.internal.reflect.DirectConstructorHandleAccessor.newInstance(DirectConstructorHandleAccessor.java:62)
at java.base/java.lang.reflect.Constructor.newInstanceWithCaller(Constructor.java:502)
at java.base/java.lang.reflect.Constructor.newInstance(Constructor.java:486)
at org.openqa.selenium.remote.ErrorCodec.decode(ErrorCodec.java:167)
at org.openqa.selenium.remote.codec.w3c.W3CHttpResponseCodec.decode(W3CHttpResponseCodec.java:138)
at org.openqa.selenium.remote.codec.w3c.W3CHttpResponseCodec.decode(W3CHttpResponseCodec.java:50)
at org.openqa.selenium.remote.HttpCommandExecutor.execute(HttpCommandExecutor.java:190)
at org.openqa.selenium.remote.service.DriverCommandExecutor.invokeExecute(DriverCommandExecutor.java:216)
at org.openqa.selenium.remote.service.DriverCommandExecutor.execute(DriverCommandExecutor.java:174)
at org.openqa.selenium.remote.RemoteWebDriver.execute(RemoteWebDriver.java:545)
at org.openqa.selenium.remote.ElementLocation$ElementFinder$2.findElement(ElementLocation.java:165)
at org.openqa.selenium.remote.ElementLocation.findElement(ElementLocation.java:59)
at org.openqa.selenium.remote.RemoteWebDriver.findElement(RemoteWebDriver.java:368)
at org.openqa.selenium.remote.RemoteWebDriver.findElement(RemoteWebDriver.java:362)
at org.openqa.selenium.support.pagefactory.DefaultElementLocator.findElement(DefaultElementLocator.java:68)
at org.openqa.selenium.support.pagefactory.internal.LocatingElementHandler.invoke(LocatingElementHandler.java:38)
at jdk.proxy2/jdk.proxy2.$Proxy11.getText(Unknown Source)
at PageObject.LoginPage.LandingPage.getErrorMessage(LandingPage.java:39)
at TestCases.ErrorValidationsTest.loginErrorValidation(ErrorValidationsTest.java:30)
at java.base/jdk.internal.reflect.DirectMethodHandleAccessor.invoke(DirectMethodHandleAccessor.java:103)
at java.base/java.lang.reflect.Method.invoke(Method.java:580)
at org.testng.internal.invokers.MethodInvocationHelper.invokeMethod(MethodInvocationHelper.java:141)
at org.testng.internal.invokers.TestInvoker.invokeMethod(TestInvoker.java:686)
at org.testng.internal.invokers.TestInvoker.invokeTestMethod(TestInvoker.java:230)
at org.testng.internal.invokers.MethodRunner.runInSequence(MethodRunner.java:63)
at org.testng.internal.invokers.TestInvoker$MethodInvocationAgent.invoke(TestInvoker.java:992)
at org.testng.internal.invokers.TestInvoker.invokeTestMethods(TestInvoker.java:203)
at org.testng.internal.invokers.TestMethodWorker.invokeTestMethods(TestMethodWorker.java:154)
at org.testng.internal.invokers.TestMethodWorker.run(TestMethodWorker.java:134)
at java.base/java.util.ArrayList.forEach(ArrayList.java:1596)
at org.testng.TestRunner.privateRun(TestRunner.java:739)
at org.testng.TestRunner.run(TestRunner.java:614)
at org.testng.SuiteRunner.runTest(SuiteRunner.java:421)
at org.testng.SuiteRunner$SuiteWorker.run(SuiteRunner.java:463)
at org.testng.internal.thread.ThreadUtil.lambda$execute$0(ThreadUtil.java:64)
at java.base/java.util.concurrent.FutureTask.run(FutureTask.java:317)
at java.base/java.util.concurrent.ThreadPoolExecutor.runWorker(ThreadPoolExecutor.java:1144)
at java.base/java.util.concurrent.ThreadPoolExecutor$Worker.run(ThreadPoolExecutor.java:642)
at java.base/java.lang.Thread.run(Thread.java:1583)
]]>
            </full-stacktrace>
          </exception> <!-- org.openqa.selenium.NoSuchElementException -->
          <reporter-output>
          </reporter-output>
        </test-method> <!-- loginErrorValidation -->
        <test-method is-config="true" signature="tearDown()[pri:0, instance:TestCases.ErrorValidationsTest@35d019a3]" started-at="2025-02-04T19:05:06 PKT" name="tearDown" finished-at="2025-02-04T19:05:06 PKT" duration-ms="424" status="PASS">
          <reporter-output>
          </reporter-output>
        </test-method> <!-- tearDown -->
        <test-method is-config="true" signature="launchApplication()[pri:0, instance:TestCases.ErrorValidationsTest@35d019a3]" started-at="2025-02-04T19:05:06 PKT" name="launchApplication" finished-at="2025-02-04T19:05:14 PKT" duration-ms="7601" status="PASS">
          <reporter-output>
          </reporter-output>
        </test-method> <!-- launchApplication -->
        <test-method signature="loginErrorValidation()[pri:0, instance:TestCases.ErrorValidationsTest@35d019a3]" started-at="2025-02-04T19:05:14 PKT" name="loginErrorValidation" finished-at="2025-02-04T19:05:15 PKT" duration-ms="1266" status="FAIL">
          <exception class="java.lang.AssertionError">
            <message>
              <![CDATA[expected [Incorrect email or password.] but found [Incorrect email  password.]]]>
            </message>
            <full-stacktrace>
              <![CDATA[java.lang.AssertionError: expected [Incorrect email or password.] but found [Incorrect email  password.]
at org.testng.Assert.fail(Assert.java:111)
at org.testng.Assert.failNotEquals(Assert.java:1578)
at org.testng.Assert.assertEqualsImpl(Assert.java:150)
at org.testng.Assert.assertEquals(Assert.java:132)
at org.testng.Assert.assertEquals(Assert.java:656)
at org.testng.Assert.assertEquals(Assert.java:666)
at TestCases.ErrorValidationsTest.loginErrorValidation(ErrorValidationsTest.java:31)
at java.base/jdk.internal.reflect.DirectMethodHandleAccessor.invoke(DirectMethodHandleAccessor.java:103)
at java.base/java.lang.reflect.Method.invoke(Method.java:580)
at org.testng.internal.invokers.MethodInvocationHelper.invokeMethod(MethodInvocationHelper.java:141)
at org.testng.internal.invokers.TestInvoker.invokeMethod(TestInvoker.java:686)
at org.testng.internal.invokers.TestInvoker.retryFailed(TestInvoker.java:269)
at org.testng.internal.invokers.MethodRunner.runInSequence(MethodRunner.java:76)
at org.testng.internal.invokers.TestInvoker$MethodInvocationAgent.invoke(TestInvoker.java:992)
at org.testng.internal.invokers.TestInvoker.invokeTestMethods(TestInvoker.java:203)
at org.testng.internal.invokers.TestMethodWorker.invokeTestMethods(TestMethodWorker.java:154)
at org.testng.internal.invokers.TestMethodWorker.run(TestMethodWorker.java:134)
at java.base/java.util.ArrayList.forEach(ArrayList.java:1596)
at org.testng.TestRunner.privateRun(TestRunner.java:739)
at org.testng.TestRunner.run(TestRunner.java:614)
at org.testng.SuiteRunner.runTest(SuiteRunner.java:421)
at org.testng.SuiteRunner$SuiteWorker.run(SuiteRunner.java:463)
at org.testng.internal.thread.ThreadUtil.lambda$execute$0(ThreadUtil.java:64)
at java.base/java.util.concurrent.FutureTask.run(FutureTask.java:317)
at java.base/java.util.concurrent.ThreadPoolExecutor.runWorker(ThreadPoolExecutor.java:1144)
at java.base/java.util.concurrent.ThreadPoolExecutor$Worker.run(ThreadPoolExecutor.java:642)
at java.base/java.lang.Thread.run(Thread.java:1583)
]]>
            </full-stacktrace>
          </exception> <!-- java.lang.AssertionError -->
          <reporter-output>
          </reporter-output>
        </test-method> <!-- loginErrorValidation -->
        <test-method is-config="true" signature="tearDown()[pri:0, instance:TestCases.ErrorValidationsTest@35d019a3]" started-at="2025-02-04T19:05:15 PKT" name="tearDown" finished-at="2025-02-04T19:05:16 PKT" duration-ms="253" status="PASS">
          <reporter-output>
          </reporter-output>
        </test-method> <!-- tearDown -->
      </class> <!-- TestCases.ErrorValidationsTest -->
    </test> <!-- Error Validation Test -->
    <test started-at="2025-02-04T19:04:28 PKT" name="Submit Order Test" finished-at="2025-02-04T19:05:36 PKT" duration-ms="68237">
      <class name="TestCases.SubmitOrderTest">
        <test-method is-config="true" signature="launchApplication()[pri:0, instance:TestCases.SubmitOrderTest@f5ac9e4]" started-at="2025-02-04T19:04:29 PKT" name="launchApplication" finished-at="2025-02-04T19:04:43 PKT" duration-ms="13881" status="PASS">
          <reporter-output>
          </reporter-output>
        </test-method> <!-- launchApplication -->
        <test-method signature="orderHistory(java.util.HashMap)[pri:0, instance:TestCases.SubmitOrderTest@f5ac9e4]" started-at="2025-02-04T19:04:43 PKT" name="orderHistory" data-provider="getHashMapDatafromJSON" finished-at="2025-02-04T19:04:45 PKT" duration-ms="2193" status="PASS">
          <params>
            <param index="0">
              <value>
                <![CDATA[{prodName=QWERTY, password=Admintest123, email=admintest@gmail.com}]]>
              </value>
            </param>
          </params>
          <reporter-output>
          </reporter-output>
        </test-method> <!-- orderHistory -->
        <test-method is-config="true" signature="tearDown()[pri:0, instance:TestCases.SubmitOrderTest@f5ac9e4]" started-at="2025-02-04T19:04:45 PKT" name="tearDown" finished-at="2025-02-04T19:04:45 PKT" duration-ms="146" status="PASS">
          <reporter-output>
          </reporter-output>
        </test-method> <!-- tearDown -->
        <test-method is-config="true" signature="launchApplication()[pri:0, instance:TestCases.SubmitOrderTest@f5ac9e4]" started-at="2025-02-04T19:04:45 PKT" name="launchApplication" finished-at="2025-02-04T19:04:56 PKT" duration-ms="10931" status="PASS">
          <reporter-output>
          </reporter-output>
        </test-method> <!-- launchApplication -->
        <test-method signature="orderHistory(java.util.HashMap)[pri:0, instance:TestCases.SubmitOrderTest@f5ac9e4]" started-at="2025-02-04T19:04:56 PKT" name="orderHistory" data-provider="getHashMapDatafromJSON" finished-at="2025-02-04T19:05:06 PKT" duration-ms="10236" status="PASS">
          <params>
            <param index="0">
              <value>
                <![CDATA[{prodName=QWERTY, password=Admintest123, email=admintest@gmail.com}]]>
              </value>
            </param>
          </params>
          <reporter-output>
          </reporter-output>
        </test-method> <!-- orderHistory -->
        <test-method is-config="true" signature="tearDown()[pri:0, instance:TestCases.SubmitOrderTest@f5ac9e4]" started-at="2025-02-04T19:05:06 PKT" name="tearDown" finished-at="2025-02-04T19:05:06 PKT" duration-ms="413" status="PASS">
          <reporter-output>
          </reporter-output>
        </test-method> <!-- tearDown -->
        <test-method is-config="true" signature="launchApplication()[pri:0, instance:TestCases.SubmitOrderTest@f5ac9e4]" started-at="2025-02-04T19:05:06 PKT" name="launchApplication" finished-at="2025-02-04T19:05:14 PKT" duration-ms="7903" status="PASS">
          <reporter-output>
          </reporter-output>
        </test-method> <!-- launchApplication -->
        <test-method signature="submitOrder(java.lang.String,java.lang.String,java.lang.String)[pri:0, instance:TestCases.SubmitOrderTest@f5ac9e4]" started-at="2025-02-04T19:05:14 PKT" name="submitOrder" data-provider="getData" finished-at="2025-02-04T19:05:20 PKT" duration-ms="5913" status="PASS">
          <params>
            <param index="0">
              <value>
                <![CDATA[admintest@gmail.com]]>
              </value>
            </param>
            <param index="1">
              <value>
                <![CDATA[Admintest123]]>
              </value>
            </param>
            <param index="2">
              <value>
                <![CDATA[QWERTY]]>
              </value>
            </param>
          </params>
          <reporter-output>
          </reporter-output>
        </test-method> <!-- submitOrder -->
        <test-method is-config="true" signature="tearDown()[pri:0, instance:TestCases.SubmitOrderTest@f5ac9e4]" started-at="2025-02-04T19:05:20 PKT" name="tearDown" finished-at="2025-02-04T19:05:20 PKT" duration-ms="133" status="PASS">
          <reporter-output>
          </reporter-output>
        </test-method> <!-- tearDown -->
        <test-method is-config="true" signature="launchApplication()[pri:0, instance:TestCases.SubmitOrderTest@f5ac9e4]" started-at="2025-02-04T19:05:20 PKT" name="launchApplication" finished-at="2025-02-04T19:05:29 PKT" duration-ms="8346" status="PASS">
          <reporter-output>
          </reporter-output>
        </test-method> <!-- launchApplication -->
        <test-method signature="submitOrder(java.lang.String,java.lang.String,java.lang.String)[pri:0, instance:TestCases.SubmitOrderTest@f5ac9e4]" started-at="2025-02-04T19:05:29 PKT" name="submitOrder" data-provider="getData" finished-at="2025-02-04T19:05:36 PKT" duration-ms="7361" status="PASS">
          <params>
            <param index="0">
              <value>
                <![CDATA[admin25@gmail.com]]>
              </value>
            </param>
            <param index="1">
              <value>
                <![CDATA[Admin123]]>
              </value>
            </param>
            <param index="2">
              <value>
                <![CDATA[IPHONE 13 PRO]]>
              </value>
            </param>
          </params>
          <reporter-output>
          </reporter-output>
        </test-method> <!-- submitOrder -->
        <test-method is-config="true" signature="tearDown()[pri:0, instance:TestCases.SubmitOrderTest@f5ac9e4]" started-at="2025-02-04T19:05:36 PKT" name="tearDown" finished-at="2025-02-04T19:05:36 PKT" duration-ms="202" status="PASS">
          <reporter-output>
          </reporter-output>
        </test-method> <!-- tearDown -->
      </class> <!-- TestCases.SubmitOrderTest -->
    </test> <!-- Submit Order Test -->
  </suite> <!-- All Test Suite -->
</testng-results>
